<?xml version="1.0" encoding="UTF-8"?>
<testsuite name="org.example.near.NearApplicationTests" tests="1" skipped="0" failures="0" errors="0" timestamp="2024-06-29T13:35:56" hostname="RIMui-MacBookPro.local" time="0.287">
  <properties/>
  <testcase name="contextLoads()" classname="org.example.near.NearApplicationTests" time="0.287"/>
  <system-out><![CDATA[22:35:55.621 [Test worker] INFO org.springframework.test.context.support.AnnotationConfigContextLoaderUtils -- Could not detect default configuration classes for test class [org.example.near.NearApplicationTests]: NearApplicationTests does not declare any static, non-private, non-final, nested classes annotated with @Configuration.
22:35:55.653 [Test worker] INFO org.springframework.boot.test.context.SpringBootTestContextBootstrapper -- Found @SpringBootConfiguration org.example.near.NearApplication for test class org.example.near.NearApplicationTests

  .   ____          _            __ _ _
 /\\ / ___'_ __ _ _(_)_ __  __ _ \ \ \ \
( ( )\___ | '_ | '_| | '_ \/ _` | \ \ \ \
 \\/  ___)| |_)| | | | | || (_| |  ) ) ) )
  '  |____| .__|_| |_|_| |_\__, | / / / /
 =========|_|==============|___/=/_/_/_/

 :: Spring Boot ::                (v3.3.1)

2024-06-29T22:35:55.773+09:00  INFO 14519 --- [near] [    Test worker] org.example.near.NearApplicationTests    : Starting NearApplicationTests using Java 17.0.10 with PID 14519 (started by jenny in /Users/jenny/likelion/Mung/near)
2024-06-29T22:35:55.774+09:00  INFO 14519 --- [near] [    Test worker] org.example.near.NearApplicationTests    : No active profile set, falling back to 1 default profile: "default"
2024-06-29T22:35:55.964+09:00  INFO 14519 --- [near] [    Test worker] .s.d.r.c.RepositoryConfigurationDelegate : Bootstrapping Spring Data JPA repositories in DEFAULT mode.
2024-06-29T22:35:55.970+09:00  INFO 14519 --- [near] [    Test worker] .s.d.r.c.RepositoryConfigurationDelegate : Finished Spring Data repository scanning in 4 ms. Found 0 JPA repository interfaces.
2024-06-29T22:35:56.089+09:00  INFO 14519 --- [near] [    Test worker] com.zaxxer.hikari.HikariDataSource       : HikariPool-1 - Starting...
2024-06-29T22:35:56.151+09:00  INFO 14519 --- [near] [    Test worker] com.zaxxer.hikari.pool.HikariPool        : HikariPool-1 - Added connection conn0: url=jdbc:h2:mem:2cde9a5f-cdee-47f1-a96b-ce9f13505286 user=SA
2024-06-29T22:35:56.152+09:00  INFO 14519 --- [near] [    Test worker] com.zaxxer.hikari.HikariDataSource       : HikariPool-1 - Start completed.
2024-06-29T22:35:56.168+09:00  INFO 14519 --- [near] [    Test worker] o.hibernate.jpa.internal.util.LogHelper  : HHH000204: Processing PersistenceUnitInfo [name: default]
2024-06-29T22:35:56.184+09:00  INFO 14519 --- [near] [    Test worker] org.hibernate.Version                    : HHH000412: Hibernate ORM core version 6.5.2.Final
2024-06-29T22:35:56.196+09:00  INFO 14519 --- [near] [    Test worker] o.h.c.internal.RegionFactoryInitiator    : HHH000026: Second-level cache disabled
2024-06-29T22:35:56.295+09:00  INFO 14519 --- [near] [    Test worker] o.s.o.j.p.SpringPersistenceUnitInfo      : No LoadTimeWeaver setup: ignoring JPA class transformer
2024-06-29T22:35:56.420+09:00  INFO 14519 --- [near] [    Test worker] o.h.e.t.j.p.i.JtaPlatformInitiator       : HHH000489: No JTA platform available (set 'hibernate.transaction.jta.platform' to enable JTA platform integration)
2024-06-29T22:35:56.421+09:00  INFO 14519 --- [near] [    Test worker] j.LocalContainerEntityManagerFactoryBean : Initialized JPA EntityManagerFactory for persistence unit 'default'
2024-06-29T22:35:56.473+09:00  WARN 14519 --- [near] [    Test worker] JpaBaseConfiguration$JpaWebConfiguration : spring.jpa.open-in-view is enabled by default. Therefore, database queries may be performed during view rendering. Explicitly configure spring.jpa.open-in-view to disable this warning
2024-06-29T22:35:56.630+09:00  INFO 14519 --- [near] [    Test worker] org.example.near.NearApplicationTests    : Started NearApplicationTests in 0.932 seconds (process running for 1.299)
]]></system-out>
  <system-err><![CDATA[]]></system-err>
</testsuite>
